app/manifest-merger-release-report.txt
-- Merging decision tree log ---
manifest
ADDED from AndroidManifest.xml:2:1
	xmlns:android
		ADDED from AndroidManifest.xml:2:11
	package
		ADDED from AndroidManifest.xml:4:5
		INJECTED from AndroidManifest.xml:0:0
		INJECTED from AndroidManifest.xml:0:0
	android:versionCode
		INJECTED from AndroidManifest.xml:0:0
		INJECTED from AndroidManifest.xml:0:0
	android:versionName
		ADDED from AndroidManifest.xml:3:11
		INJECTED from AndroidManifest.xml:0:0
		INJECTED from AndroidManifest.xml:0:0
application
ADDED from AndroidManifest.xml:6:5
MERGED from com.android.support:appcompat-v7:22.0.0:22:5
MERGED from com.android.support:support-v4:22.0.0:22:5
MERGED from com.android.support:recyclerview-v7:21.0.3:17:5
MERGED from com.android.support:support-v4:22.0.0:22:5
MERGED from com.android.support:cardview-v7:21.0.3:16:5
MERGED from com.melnykov:floatingactionbutton:1.3.0:12:5
MERGED from com.android.support:recyclerview-v7:21.0.3:17:5
MERGED from com.android.support:support-v4:22.0.0:22:5
MERGED from com.android.support:appcompat-v7:22.0.0:22:5
MERGED from com.android.support:support-v4:22.0.0:22:5
MERGED from org.litepal.android:core:1.2.0:11:5
MERGED from com.mcxiaoke.volley:library-aar:1.0.0:5:5
	android:label
		ADDED from AndroidManifest.xml:10:9
	android:allowBackup
		ADDED from AndroidManifest.xml:8:9
	android:icon
		ADDED from AndroidManifest.xml:9:9
	android:theme
		ADDED from AndroidManifest.xml:11:9
	android:name
		ADDED from AndroidManifest.xml:7:9
activity#com.canaan.lockbible.Activity.MainActivity
ADDED from AndroidManifest.xml:12:9
	android:label
		ADDED from AndroidManifest.xml:16:13
	android:excludeFromRecents
		ADDED from AndroidManifest.xml:13:13
	android:name
		ADDED from AndroidManifest.xml:14:13
	android:launchMode
		ADDED from AndroidManifest.xml:15:13
intent-filter#android.intent.action.MAIN+android.intent.category.LAUNCHER
ADDED from AndroidManifest.xml:17:13
action#android.intent.action.MAIN
ADDED from AndroidManifest.xml:18:17
	android:name
		ADDED from AndroidManifest.xml:18:25
category#android.intent.category.LAUNCHER
ADDED from AndroidManifest.xml:20:17
	android:name
		ADDED from AndroidManifest.xml:20:27
activity#com.canaan.lockbible.Activity.LockActivity
ADDED from AndroidManifest.xml:24:9
	android:excludeFromRecents
		ADDED from AndroidManifest.xml:25:19
	android:name
		ADDED from AndroidManifest.xml:24:19
activity#com.canaan.lockbible.Activity.AddVerseActivity
ADDED from AndroidManifest.xml:29:9
	android:excludeFromRecents
		ADDED from AndroidManifest.xml:30:19
	android:name
		ADDED from AndroidManifest.xml:29:19
activity#com.avos.avoscloud.feedback.ThreadActivity
ADDED from AndroidManifest.xml:34:9
	android:theme
		ADDED from AndroidManifest.xml:35:13
	android:name
		ADDED from AndroidManifest.xml:34:19
service#com.canaan.lockbible.Service.LockScreenService
ADDED from AndroidManifest.xml:40:9
	android:name
		ADDED from AndroidManifest.xml:40:18
meta-data#UMENG_APPKEY
ADDED from AndroidManifest.xml:42:9
	android:name
		ADDED from AndroidManifest.xml:42:61
	android:value
		ADDED from AndroidManifest.xml:42:20
meta-data#UMENG_CHANNEL
ADDED from AndroidManifest.xml:43:9
	android:name
		ADDED from AndroidManifest.xml:44:13
	android:value
		ADDED from AndroidManifest.xml:45:13
service#com.umeng.update.net.DownloadingService
ADDED from AndroidManifest.xml:46:9
	android:process
		ADDED from AndroidManifest.xml:48:13
	android:name
		ADDED from AndroidManifest.xml:47:13
activity#com.umeng.update.UpdateDialogActivity
ADDED from AndroidManifest.xml:50:9
	android:theme
		ADDED from AndroidManifest.xml:52:13
	android:excludeFromRecents
		ADDED from AndroidManifest.xml:53:13
	android:name
		ADDED from AndroidManifest.xml:51:13
uses-permission#android.permission.DISABLE_KEYGUARD
ADDED from AndroidManifest.xml:57:5
	android:name
		ADDED from AndroidManifest.xml:57:22
uses-permission#android.permission.WRITE_EXTERNAL_STORAGE
ADDED from AndroidManifest.xml:58:5
	android:name
		ADDED from AndroidManifest.xml:58:22
uses-permission#android.permission.INTERNET
ADDED from AndroidManifest.xml:59:5
	android:name
		ADDED from AndroidManifest.xml:59:22
uses-permission#android.permission.ACCESS_NETWORK_STATE
ADDED from AndroidManifest.xml:60:5
	android:name
		ADDED from AndroidManifest.xml:60:22
uses-permission#android.permission.READ_PHONE_STATE
ADDED from AndroidManifest.xml:61:5
	android:name
		ADDED from AndroidManifest.xml:61:22
uses-permission#android.permission.ACCESS_WIFI_STATE
ADDED from AndroidManifest.xml:62:5
	android:name
		ADDED from AndroidManifest.xml:62:22
uses-sdk
INJECTED from AndroidManifest.xml:0:0 reason: use-sdk injection requested
MERGED from com.android.support:appcompat-v7:22.0.0:20:5
MERGED from com.android.support:support-v4:22.0.0:20:5
MERGED from com.android.support:recyclerview-v7:21.0.3:15:5
MERGED from com.android.support:support-v4:22.0.0:20:5
MERGED from com.android.support:cardview-v7:21.0.3:15:5
MERGED from com.melnykov:floatingactionbutton:1.3.0:8:5
MERGED from com.android.support:recyclerview-v7:21.0.3:15:5
MERGED from com.android.support:support-v4:22.0.0:20:5
MERGED from me.drakeet.materialdialog:library:1.2.2:8:5
MERGED from com.rengwuxian.materialedittext:library:2.0.3:6:5
MERGED from com.android.support:appcompat-v7:22.0.0:20:5
MERGED from com.android.support:support-v4:22.0.0:20:5
MERGED from org.litepal.android:core:1.2.0:7:5
MERGED from com.mcxiaoke.volley:library-aar:1.0.0:3:5
MERGED from cn.leancloud.android:avoscloud-push:v2.7:7:5
MERGED from cn.leancloud.android:avoscloud-statistics:v2.7:7:5
MERGED from cn.leancloud.android:avoscloud-feedback:v2.7:7:5
	android:targetSdkVersion
		INJECTED from AndroidManifest.xml:0:0
		INJECTED from AndroidManifest.xml:0:0
	android:minSdkVersion
		INJECTED from AndroidManifest.xml:0:0
		INJECTED from AndroidManifest.xml:0:0
activity#android.support.v7.widget.TestActivity
ADDED from com.android.support:recyclerview-v7:21.0.3:18:9
MERGED from com.android.support:recyclerview-v7:21.0.3:18:9
	android:label
		ADDED from com.android.support:recyclerview-v7:21.0.3:18:19
	android:name
		ADDED from com.android.support:recyclerview-v7:21.0.3:18:60